<?xml version="1.0" encoding="UTF-8"?>
<!-- Generated by org.testng.reporters.JUnitXMLReporter -->
<testsuite ignored="0" hostname="SYNPYBRL145JQ78" failures="1" tests="12" name="Test" time="262.927" errors="0" timestamp="2024-11-19T11:10:34 IST">
  <testcase classname="co.ohrm.testcases.LoginPageTest" name="ValidateLoginTest" time="6.139"/>
  <testcase classname="co.ohrm.testcases.LoginPageTest" name="ValidateTitleTest" time="0.027"/>
  <testcase classname="co.ohrm.testcases.AdminPageTest" name="validateAddUserClick" time="29.625"/>
  <testcase classname="co.ohrm.testcases.AdminPageTest" name="validateAdminLabel" time="8.566"/>
  <testcase classname="co.ohrm.testcases.dashboardPageTest" name="validateAdminClick" time="0.004">
    <failure type="java.lang.NullPointerException" message="Cannot invoke &amp;quot;com.ohrm.pages.DashboardPage.adminClick()&amp;quot; because &amp;quot;this.dp&amp;quot; is null">
      <![CDATA[java.lang.NullPointerException: Cannot invoke "com.ohrm.pages.DashboardPage.adminClick()" because "this.dp" is null
at co.ohrm.testcases.dashboardPageTest.validateAdminClick(dashboardPageTest.java:80)
at java.base/java.util.ArrayList.forEach(ArrayList.java:1596)
... Removed 29 stack frames]]>
    </failure>
  </testcase> <!-- validateAdminClick -->
  <testcase classname="co.ohrm.testcases.dashboardPageTest" name="validateBuzzLatestPostsLabel" time="6.205"/>
  <testcase classname="co.ohrm.testcases.dashboardPageTest" name="validateDashboardLabel" time="10.414"/>
  <testcase classname="co.ohrm.testcases.dashboardPageTest" name="validateEmployeeDistributionbyLocationLabel" time="5.89"/>
  <testcase classname="co.ohrm.testcases.dashboardPageTest" name="validateEmployeeDistributionbySubUnitLabel" time="5.945"/>
  <testcase classname="co.ohrm.testcases.dashboardPageTest" name="validateEmployeesonLeaveTodayLabel" time="6.559"/>
  <testcase classname="co.ohrm.testcases.dashboardPageTest" name="validateMYActionLabel" time="7.874"/>
  <testcase classname="co.ohrm.testcases.dashboardPageTest" name="validateQuickLaunchLabel" time="7.752"/>
</testsuite> <!-- Test -->
